# JRE version: Java(TM) SE Runtime Environment (9.0+11) (build 9.0.4+11)
# Java VM: Java HotSpot(TM) 64-Bit Server VM (9.0.4+11, mixed mode, tiered, compressed oops, g1 gc, windows-amd64)
Heap:
 garbage-first heap   total 277504K, used 124799K [0x0000000700000000, 0x0000000700100878, 0x00000007c0000000)
  region size 1024K, 38 young (38912K), 1 survivors (1024K)
 Metaspace       used 86338K, capacity 92961K, committed 93312K, reserved 1130496K
  class space    used 11651K, capacity 12805K, committed 12928K, reserved 1048576K
GC Heap History (10 events):
Event: 851.409 GC heap before
{Heap before GC invocations=609 (full 265):
 garbage-first heap   total 277504K, used 148192K [0x0000000700000000, 0x0000000700100878, 0x00000007c0000000)
  region size 1024K, 60 young (61440K), 1 survivors (1024K)
 Metaspace       used 86327K, capacity 92961K, committed 93312K, reserved 1130496K
  class space    used 11651K, capacity 12805K, committed 12928K, reserved 1048576K
}
Event: 851.411 GC heap after
{Heap after GC invocations=610 (full 265):
 garbage-first heap   total 277504K, used 87738K [0x0000000700000000, 0x0000000700100878, 0x00000007c0000000)
  region size 1024K, 1 young (1024K), 1 survivors (1024K)
 Metaspace       used 86327K, capacity 92961K, committed 93312K, reserved 1130496K
  class space    used 11651K, capacity 12805K, committed 12928K, reserved 1048576K
}
Event: 852.540 GC heap before
{Heap before GC invocations=610 (full 265):
 garbage-first heap   total 277504K, used 148154K [0x0000000700000000, 0x0000000700100878, 0x00000007c0000000)
  region size 1024K, 60 young (61440K), 1 survivors (1024K)
 Metaspace       used 86327K, capacity 92961K, committed 93312K, reserved 1130496K
  class space    used 11651K, capacity 12805K, committed 12928K, reserved 1048576K
}
Event: 852.541 GC heap after
{Heap after GC invocations=611 (full 265):
 garbage-first heap   total 277504K, used 87728K [0x0000000700000000, 0x0000000700100878, 0x00000007c0000000)
  region size 1024K, 1 young (1024K), 1 survivors (1024K)
 Metaspace       used 86327K, capacity 92961K, committed 93312K, reserved 1130496K
  class space    used 11651K, capacity 12805K, committed 12928K, reserved 1048576K
}
Event: 854.400 GC heap before
{Heap before GC invocations=611 (full 265):
 garbage-first heap   total 277504K, used 148144K [0x0000000700000000, 0x0000000700100878, 0x00000007c0000000)
  region size 1024K, 60 young (61440K), 1 survivors (1024K)
 Metaspace       used 86328K, capacity 92961K, committed 93312K, reserved 1130496K
  class space    used 11651K, capacity 12805K, committed 12928K, reserved 1048576K
}
Event: 854.401 GC heap after
{Heap after GC invocations=612 (full 265):
 garbage-first heap   total 277504K, used 87800K [0x0000000700000000, 0x0000000700100878, 0x00000007c0000000)
  region size 1024K, 1 young (1024K), 1 survivors (1024K)
 Metaspace       used 86328K, capacity 92961K, committed 93312K, reserved 1130496K
  class space    used 11651K, capacity 12805K, committed 12928K, reserved 1048576K
}
Event: 855.332 GC heap before
{Heap before GC invocations=612 (full 265):
 garbage-first heap   total 277504K, used 148216K [0x0000000700000000, 0x0000000700100878, 0x00000007c0000000)
  region size 1024K, 60 young (61440K), 1 survivors (1024K)
 Metaspace       used 86329K, capacity 92961K, committed 93312K, reserved 1130496K
  class space    used 11651K, capacity 12805K, committed 12928K, reserved 1048576K
}
Event: 855.333 GC heap after
{Heap after GC invocations=613 (full 265):
 garbage-first heap   total 277504K, used 87790K [0x0000000700000000, 0x0000000700100878, 0x00000007c0000000)
  region size 1024K, 1 young (1024K), 1 survivors (1024K)
 Metaspace       used 86329K, capacity 92961K, committed 93312K, reserved 1130496K
  class space    used 11651K, capacity 12805K, committed 12928K, reserved 1048576K
}
Event: 857.053 GC heap before
{Heap before GC invocations=613 (full 265):
 garbage-first heap   total 277504K, used 148206K [0x0000000700000000, 0x0000000700100878, 0x00000007c0000000)
  region size 1024K, 60 young (61440K), 1 survivors (1024K)
 Metaspace       used 86333K, capacity 92961K, committed 93312K, reserved 1130496K
  class space    used 11651K, capacity 12805K, committed 12928K, reserved 1048576K
}
Event: 857.055 GC heap after
{Heap after GC invocations=614 (full 265):
 garbage-first heap   total 277504K, used 87935K [0x0000000700000000, 0x0000000700100878, 0x00000007c0000000)
  region size 1024K, 1 young (1024K), 1 survivors (1024K)
 Metaspace       used 86333K, capacity 92961K, committed 93312K, reserved 1130496K
  class space    used 11651K, capacity 12805K, committed 12928K, reserved 1048576K
}

